  main.cpp
C:\Users\swast\source\repos\ricochet_deobfuscator\ricochet_deobf\main.cpp(43,16): warning C4477: 'printf' : format string '%p' requires an argument of type 'void *', but variadic argument 1 has type 'uintptr_t'
C:\Users\swast\source\repos\ricochet_deobfuscator\ricochet_deobf\main.cpp(57,59): warning C4244: '=': conversion from 'uintptr_t' to 'DWORD', possible loss of data
C:\Users\swast\source\repos\ricochet_deobfuscator\ricochet_deobf\main.cpp(64,28): warning C4477: 'printf' : format string '%x' requires an argument of type 'unsigned int', but variadic argument 2 has type 'uintptr_t'
C:\Users\swast\source\repos\ricochet_deobfuscator\ricochet_deobf\main.cpp(64,28): message : consider using '%llx' in the format string
C:\Users\swast\source\repos\ricochet_deobfuscator\ricochet_deobf\main.cpp(64,28): message : consider using '%Ix' in the format string
C:\Users\swast\source\repos\ricochet_deobfuscator\ricochet_deobf\main.cpp(64,28): message : consider using '%I64x' in the format string
C:\Users\swast\source\repos\ricochet_deobfuscator\ricochet_deobf\main.cpp(72,24): warning C4477: 'printf' : format string '%x' requires an argument of type 'unsigned int', but variadic argument 2 has type 'uintptr_t'
C:\Users\swast\source\repos\ricochet_deobfuscator\ricochet_deobf\main.cpp(72,24): message : consider using '%llx' in the format string
C:\Users\swast\source\repos\ricochet_deobfuscator\ricochet_deobf\main.cpp(72,24): message : consider using '%Ix' in the format string
C:\Users\swast\source\repos\ricochet_deobfuscator\ricochet_deobf\main.cpp(72,24): message : consider using '%I64x' in the format string
C:\Users\swast\source\repos\ricochet_deobfuscator\ricochet_deobf\main.cpp(79,24): warning C4477: 'printf' : format string '%x' requires an argument of type 'unsigned int', but variadic argument 2 has type 'uintptr_t'
C:\Users\swast\source\repos\ricochet_deobfuscator\ricochet_deobf\main.cpp(79,24): message : consider using '%llx' in the format string
C:\Users\swast\source\repos\ricochet_deobfuscator\ricochet_deobf\main.cpp(79,24): message : consider using '%Ix' in the format string
C:\Users\swast\source\repos\ricochet_deobfuscator\ricochet_deobf\main.cpp(79,24): message : consider using '%I64x' in the format string
C:\Users\swast\source\repos\ricochet_deobfuscator\ricochet_deobf\main.cpp(113,28): warning C4477: 'printf' : format string '%x' requires an argument of type 'unsigned int', but variadic argument 2 has type 'uintptr_t'
C:\Users\swast\source\repos\ricochet_deobfuscator\ricochet_deobf\main.cpp(113,28): message : consider using '%llx' in the format string
C:\Users\swast\source\repos\ricochet_deobfuscator\ricochet_deobf\main.cpp(113,28): message : consider using '%Ix' in the format string
C:\Users\swast\source\repos\ricochet_deobfuscator\ricochet_deobf\main.cpp(113,28): message : consider using '%I64x' in the format string
  ricochet_deobf.vcxproj -> C:\Users\swast\Source\Repos\ricochet_deobfuscator\x64\Debug\ricochet_deobf.exe
